<?xml version="1.0" encoding="UTF-8"?>
<testng-results total="1" passed="1" failed="0" skipped="0">
  <reporter-output>
  </reporter-output>
  <suite started-at="2018-04-27T11:59:59Z" name="Default suite" finished-at="2018-04-27T11:59:59Z" duration-ms="30">
    <groups>
    </groups>
    <test started-at="2018-04-27T11:59:59Z" name="Default test" finished-at="2018-04-27T11:59:59Z" duration-ms="30">
      <class name="com.TAE3.simple.HomePageTest">
        <test-method signature="test()[pri:0, instance:com.TAE3.simple.HomePageTest@8c3b9d]" started-at="2018-04-27T12:59:59Z" name="test" description="First test" finished-at="2018-04-27T12:59:59Z" duration-ms="12" status="PASS">
          <reporter-output>
          </reporter-output>
        </test-method> <!-- test -->
      </class> <!-- com.TAE3.simple.HomePageTest -->
    </test> <!-- Default test -->
  </suite> <!-- Default suite -->
</testng-results>
