<?xml version="1.0" encoding="UTF-8"?>
<testng-results total="1" passed="1" failed="0" skipped="0">
  <reporter-output>
  </reporter-output>
  <suite started-at="2018-04-27T11:57:56Z" name="com.TAE3.simple.HomePageTest" finished-at="2018-04-27T11:57:56Z" duration-ms="27">
    <groups>
    </groups>
    <test started-at="2018-04-27T11:57:56Z" name="Command line test" finished-at="2018-04-27T11:57:56Z" duration-ms="27">
      <class name="com.TAE3.simple.HomePageTest">
        <test-method signature="test()[pri:0, instance:com.TAE3.simple.HomePageTest@3967e60c]" started-at="2018-04-27T12:57:56Z" name="test" description="First test" finished-at="2018-04-27T12:57:56Z" duration-ms="11" status="PASS">
          <reporter-output>
          </reporter-output>
        </test-method> <!-- test -->
      </class> <!-- com.TAE3.simple.HomePageTest -->
    </test> <!-- Command line test -->
  </suite> <!-- com.TAE3.simple.HomePageTest -->
</testng-results>
